<!DOCTYPE html><html xmlns:lxslt="http://xml.apache.org/xslt" xmlns:stringutils="xalan://org.apache.tools.ant.util.StringUtils">
<head>
<META http-equiv="Content-Type" content="text/html; charset=utf-8">
<title>
                    Test - Pol&iacute;ticos</title>
<link rel="shortcut icon" href="http://grails.org/images/favicon.ico" type="image/x-icon">
<link rel="stylesheet" type="text/css" title="Style" href="stylesheet.css">
</head>
<body>
<div class="container container_8" id="report">
<div class="grid_6">
<a title="Home" href="index.html">
<div class="grailslogo"></div>
</a>
<h1>Pol&iacute;ticos</h1>
<h2>Package: </h2>
</div>
<div class="grid_2">
<nav id="navigationlinks">
<p>
<a href="failed.html">
                    Tests with failure and errors
                </a>
</p>
<p>
<a href="index.html">
                    Package summary
                </a>
</p>
<p>
<a href="all.html">
                    Show all tests
                </a>
</p>
</nav>
</div>
<div class="clear"></div>
<div class="testsuite failure">
<div class="header">
<h2>Pol&iacute;ticos</h2>
<h3>
                        Executed
                        8
                        tests
                    
                        with
                        6 failures
                        .
                    </h3>
</div>
<div class="testcase clearfix success grid_8 alpha omega" data-name="Adicionar politico nao existente">
<div class="grid_3 alpha">
<p>
<span class="icon success"></span><b class="testname message success">Adicionar politico nao existente</b>
</p>
<p class="summary">Executed in 0.102 seconds.</p>
</div>
<div class="grid_5 omega outputinfo"></div>
<div class="clear"></div>
</div>
<div class="testcase clearfix success grid_8 alpha omega" data-name="Adicionar politico existente">
<div class="grid_3 alpha">
<p>
<span class="icon success"></span><b class="testname message success">Adicionar politico existente</b>
</p>
<p class="summary">Executed in 0.095 seconds.</p>
</div>
<div class="grid_5 omega outputinfo"></div>
<div class="clear"></div>
</div>
<div class="testcase clearfix failure grid_8 alpha omega" data-name="Atualizar pol&iacute;tico">
<div class="grid_3 alpha">
<p>
<span class="icon failure"></span><b class="testname message failure">Atualizar pol&iacute;tico</b>
</p>
<p class="summary">Executed in 0.13 seconds.</p>
</div>
<div class="grid_5 omega outputinfo">
<div class="details">
<p>
<b class="message">Undefined Step: Given que exista um politico com nome &ldquo;Eduardo&rdquo; e CPF "01234567890&rdquo;</b>
</p>
<pre>cucumber.runtime.UndefinedStepException: Undefined Step: Given que exista um politico com nome &ldquo;Eduardo&rdquo; e CPF "01234567890&rdquo;
	at grails.plugin.cucumber.CucumberFormatter.resultUndefined(CucumberFormatter.groovy:250)
	at grails.plugin.cucumber.CucumberFormatter.result(CucumberFormatter.groovy:215)
	at cucumber.runtime.Utils$1.call(Utils.java:37)
	at cucumber.runtime.Timeout.timeout(Timeout.java:13)
	at cucumber.runtime.Utils.invoke(Utils.java:31)
	at cucumber.runtime.RuntimeOptions$1.invoke(RuntimeOptions.java:243)
	at cucumber.runtime.Runtime.runStep(Runtime.java:280)
	at cucumber.runtime.model.StepContainer.runStep(StepContainer.java:44)
	at cucumber.runtime.model.StepContainer.runSteps(StepContainer.java:39)
	at cucumber.runtime.model.CucumberScenario.run(CucumberScenario.java:48)
	at cucumber.runtime.model.CucumberFeature.run(CucumberFeature.java:163)
	at grails.plugin.cucumber.Cucumber$_run_closure2.doCall(Cucumber.groovy:59)
	at grails.plugin.cucumber.Cucumber.run(Cucumber.groovy:58)
	at grails.plugin.cucumber.CucumberTestType.runFeatures(CucumberTestType.groovy:148)
	at grails.plugin.cucumber.CucumberTestType.doRun(CucumberTestType.groovy:58)
</pre>
</div>
<div class="details">
<p>
<b class="message">Undefined Step: When eu tentar atualizar os dados do pol&iacute;tico  com nome &ldquo;Eduardo&rdquo; e CPF "01234567890&rdquo;</b>
</p>
<pre>cucumber.runtime.UndefinedStepException: Undefined Step: When eu tentar atualizar os dados do pol&iacute;tico  com nome &ldquo;Eduardo&rdquo; e CPF "01234567890&rdquo;
	at grails.plugin.cucumber.CucumberFormatter.resultUndefined(CucumberFormatter.groovy:250)
	at grails.plugin.cucumber.CucumberFormatter.result(CucumberFormatter.groovy:215)
	at cucumber.runtime.Utils$1.call(Utils.java:37)
	at cucumber.runtime.Timeout.timeout(Timeout.java:13)
	at cucumber.runtime.Utils.invoke(Utils.java:31)
	at cucumber.runtime.RuntimeOptions$1.invoke(RuntimeOptions.java:243)
	at cucumber.runtime.Runtime.runStep(Runtime.java:280)
	at cucumber.runtime.model.StepContainer.runStep(StepContainer.java:44)
	at cucumber.runtime.model.StepContainer.runSteps(StepContainer.java:39)
	at cucumber.runtime.model.CucumberScenario.run(CucumberScenario.java:48)
	at cucumber.runtime.model.CucumberFeature.run(CucumberFeature.java:163)
	at grails.plugin.cucumber.Cucumber$_run_closure2.doCall(Cucumber.groovy:59)
	at grails.plugin.cucumber.Cucumber.run(Cucumber.groovy:58)
	at grails.plugin.cucumber.CucumberTestType.runFeatures(CucumberTestType.groovy:148)
	at grails.plugin.cucumber.CucumberTestType.doRun(CucumberTestType.groovy:58)
</pre>
</div>
<div class="details">
<p>
<b class="message">Undefined Step: Then o sistema ir&aacute; atualizar o pol&iacute;tico</b>
</p>
<pre>cucumber.runtime.UndefinedStepException: Undefined Step: Then o sistema ir&aacute; atualizar o pol&iacute;tico
	at grails.plugin.cucumber.CucumberFormatter.resultUndefined(CucumberFormatter.groovy:250)
	at grails.plugin.cucumber.CucumberFormatter.result(CucumberFormatter.groovy:215)
	at cucumber.runtime.Utils$1.call(Utils.java:37)
	at cucumber.runtime.Timeout.timeout(Timeout.java:13)
	at cucumber.runtime.Utils.invoke(Utils.java:31)
	at cucumber.runtime.RuntimeOptions$1.invoke(RuntimeOptions.java:243)
	at cucumber.runtime.Runtime.runStep(Runtime.java:280)
	at cucumber.runtime.model.StepContainer.runStep(StepContainer.java:44)
	at cucumber.runtime.model.StepContainer.runSteps(StepContainer.java:39)
	at cucumber.runtime.model.CucumberScenario.run(CucumberScenario.java:48)
	at cucumber.runtime.model.CucumberFeature.run(CucumberFeature.java:163)
	at grails.plugin.cucumber.Cucumber$_run_closure2.doCall(Cucumber.groovy:59)
	at grails.plugin.cucumber.Cucumber.run(Cucumber.groovy:58)
	at grails.plugin.cucumber.CucumberTestType.runFeatures(CucumberTestType.groovy:148)
	at grails.plugin.cucumber.CucumberTestType.doRun(CucumberTestType.groovy:58)
</pre>
</div>
</div>
<div class="clear"></div>
</div>
<div class="testcase clearfix failure grid_8 alpha omega" data-name="Remover pol&iacute;tico existente">
<div class="grid_3 alpha">
<p>
<span class="icon failure"></span><b class="testname message failure">Remover pol&iacute;tico existente</b>
</p>
<p class="summary">Executed in 0.108 seconds.</p>
</div>
<div class="grid_5 omega outputinfo">
<div class="details">
<p>
<b class="message">Undefined Step: Given o sistema tem um pol&iacute;tico com nome &ldquo;Eduardo&rdquo; e CPF "01234567890&rdquo;</b>
</p>
<pre>cucumber.runtime.UndefinedStepException: Undefined Step: Given o sistema tem um pol&iacute;tico com nome &ldquo;Eduardo&rdquo; e CPF "01234567890&rdquo;
	at grails.plugin.cucumber.CucumberFormatter.resultUndefined(CucumberFormatter.groovy:250)
	at grails.plugin.cucumber.CucumberFormatter.result(CucumberFormatter.groovy:215)
	at cucumber.runtime.Utils$1.call(Utils.java:37)
	at cucumber.runtime.Timeout.timeout(Timeout.java:13)
	at cucumber.runtime.Utils.invoke(Utils.java:31)
	at cucumber.runtime.RuntimeOptions$1.invoke(RuntimeOptions.java:243)
	at cucumber.runtime.Runtime.runStep(Runtime.java:280)
	at cucumber.runtime.model.StepContainer.runStep(StepContainer.java:44)
	at cucumber.runtime.model.StepContainer.runSteps(StepContainer.java:39)
	at cucumber.runtime.model.CucumberScenario.run(CucumberScenario.java:48)
	at cucumber.runtime.model.CucumberFeature.run(CucumberFeature.java:163)
	at grails.plugin.cucumber.Cucumber$_run_closure2.doCall(Cucumber.groovy:59)
	at grails.plugin.cucumber.Cucumber.run(Cucumber.groovy:58)
	at grails.plugin.cucumber.CucumberTestType.runFeatures(CucumberTestType.groovy:148)
	at grails.plugin.cucumber.CucumberTestType.doRun(CucumberTestType.groovy:58)
</pre>
</div>
<div class="details">
<p>
<b class="message">Undefined Step: When eu tentar remover o pol&iacute;tico com o nome &ldquo;Eduardo&rdquo; e CPF &ldquo;01234567890&rdquo;</b>
</p>
<pre>cucumber.runtime.UndefinedStepException: Undefined Step: When eu tentar remover o pol&iacute;tico com o nome &ldquo;Eduardo&rdquo; e CPF &ldquo;01234567890&rdquo;
	at grails.plugin.cucumber.CucumberFormatter.resultUndefined(CucumberFormatter.groovy:250)
	at grails.plugin.cucumber.CucumberFormatter.result(CucumberFormatter.groovy:215)
	at cucumber.runtime.Utils$1.call(Utils.java:37)
	at cucumber.runtime.Timeout.timeout(Timeout.java:13)
	at cucumber.runtime.Utils.invoke(Utils.java:31)
	at cucumber.runtime.RuntimeOptions$1.invoke(RuntimeOptions.java:243)
	at cucumber.runtime.Runtime.runStep(Runtime.java:280)
	at cucumber.runtime.model.StepContainer.runStep(StepContainer.java:44)
	at cucumber.runtime.model.StepContainer.runSteps(StepContainer.java:39)
	at cucumber.runtime.model.CucumberScenario.run(CucumberScenario.java:48)
	at cucumber.runtime.model.CucumberFeature.run(CucumberFeature.java:163)
	at grails.plugin.cucumber.Cucumber$_run_closure2.doCall(Cucumber.groovy:59)
	at grails.plugin.cucumber.Cucumber.run(Cucumber.groovy:58)
	at grails.plugin.cucumber.CucumberTestType.runFeatures(CucumberTestType.groovy:148)
	at grails.plugin.cucumber.CucumberTestType.doRun(CucumberTestType.groovy:58)
</pre>
</div>
<div class="details">
<p>
<b class="message">Undefined Step: Then o sistema ira mostrar a mensagem politico "Eduardo" de CPF &ldquo;01234567890&rdquo; removido com sucesso</b>
</p>
<pre>cucumber.runtime.UndefinedStepException: Undefined Step: Then o sistema ira mostrar a mensagem politico "Eduardo" de CPF &ldquo;01234567890&rdquo; removido com sucesso
	at grails.plugin.cucumber.CucumberFormatter.resultUndefined(CucumberFormatter.groovy:250)
	at grails.plugin.cucumber.CucumberFormatter.result(CucumberFormatter.groovy:215)
	at cucumber.runtime.Utils$1.call(Utils.java:37)
	at cucumber.runtime.Timeout.timeout(Timeout.java:13)
	at cucumber.runtime.Utils.invoke(Utils.java:31)
	at cucumber.runtime.RuntimeOptions$1.invoke(RuntimeOptions.java:243)
	at cucumber.runtime.Runtime.runStep(Runtime.java:280)
	at cucumber.runtime.model.StepContainer.runStep(StepContainer.java:44)
	at cucumber.runtime.model.StepContainer.runSteps(StepContainer.java:39)
	at cucumber.runtime.model.CucumberScenario.run(CucumberScenario.java:48)
	at cucumber.runtime.model.CucumberFeature.run(CucumberFeature.java:163)
	at grails.plugin.cucumber.Cucumber$_run_closure2.doCall(Cucumber.groovy:59)
	at grails.plugin.cucumber.Cucumber.run(Cucumber.groovy:58)
	at grails.plugin.cucumber.CucumberTestType.runFeatures(CucumberTestType.groovy:148)
	at grails.plugin.cucumber.CucumberTestType.doRun(CucumberTestType.groovy:58)
</pre>
</div>
</div>
<div class="clear"></div>
</div>
<div class="testcase clearfix failure grid_8 alpha omega" data-name="Novo pol&iacute;tico">
<div class="grid_3 alpha">
<p>
<span class="icon failure"></span><b class="testname message failure">Novo pol&iacute;tico</b>
</p>
<p class="summary">Executed in 0.154 seconds.</p>
</div>
<div class="grid_5 omega outputinfo">
<div class="details">
<p>
<b class="message">Undefined Step: Given que eu estou no menu &ldquo;Pol&iacute;ticos&rdquo;</b>
</p>
<pre>cucumber.runtime.UndefinedStepException: Undefined Step: Given que eu estou no menu &ldquo;Pol&iacute;ticos&rdquo;
	at grails.plugin.cucumber.CucumberFormatter.resultUndefined(CucumberFormatter.groovy:250)
	at grails.plugin.cucumber.CucumberFormatter.result(CucumberFormatter.groovy:215)
	at cucumber.runtime.Utils$1.call(Utils.java:37)
	at cucumber.runtime.Timeout.timeout(Timeout.java:13)
	at cucumber.runtime.Utils.invoke(Utils.java:31)
	at cucumber.runtime.RuntimeOptions$1.invoke(RuntimeOptions.java:243)
	at cucumber.runtime.Runtime.runStep(Runtime.java:280)
	at cucumber.runtime.model.StepContainer.runStep(StepContainer.java:44)
	at cucumber.runtime.model.StepContainer.runSteps(StepContainer.java:39)
	at cucumber.runtime.model.CucumberScenario.run(CucumberScenario.java:48)
	at cucumber.runtime.model.CucumberFeature.run(CucumberFeature.java:163)
	at grails.plugin.cucumber.Cucumber$_run_closure2.doCall(Cucumber.groovy:59)
	at grails.plugin.cucumber.Cucumber.run(Cucumber.groovy:58)
	at grails.plugin.cucumber.CucumberTestType.runFeatures(CucumberTestType.groovy:148)
	at grails.plugin.cucumber.CucumberTestType.doRun(CucumberTestType.groovy:58)
</pre>
</div>
<div class="details">
<p>
<b class="message">Undefined Step: And n&atilde;o existe nenhum pol&iacute;tico com o nome &ldquo;Anderson&rdquo; com o CPF &ldquo;102.102.152-15&rdquo;</b>
</p>
<pre>cucumber.runtime.UndefinedStepException: Undefined Step: And n&atilde;o existe nenhum pol&iacute;tico com o nome &ldquo;Anderson&rdquo; com o CPF &ldquo;102.102.152-15&rdquo;
	at grails.plugin.cucumber.CucumberFormatter.resultUndefined(CucumberFormatter.groovy:250)
	at grails.plugin.cucumber.CucumberFormatter.result(CucumberFormatter.groovy:215)
	at cucumber.runtime.Utils$1.call(Utils.java:37)
	at cucumber.runtime.Timeout.timeout(Timeout.java:13)
	at cucumber.runtime.Utils.invoke(Utils.java:31)
	at cucumber.runtime.RuntimeOptions$1.invoke(RuntimeOptions.java:243)
	at cucumber.runtime.Runtime.runStep(Runtime.java:280)
	at cucumber.runtime.model.StepContainer.runStep(StepContainer.java:44)
	at cucumber.runtime.model.StepContainer.runSteps(StepContainer.java:39)
	at cucumber.runtime.model.CucumberScenario.run(CucumberScenario.java:48)
	at cucumber.runtime.model.CucumberFeature.run(CucumberFeature.java:163)
	at grails.plugin.cucumber.Cucumber$_run_closure2.doCall(Cucumber.groovy:59)
	at grails.plugin.cucumber.Cucumber.run(Cucumber.groovy:58)
	at grails.plugin.cucumber.CucumberTestType.runFeatures(CucumberTestType.groovy:148)
	at grails.plugin.cucumber.CucumberTestType.doRun(CucumberTestType.groovy:58)
</pre>
</div>
<div class="details">
<p>
<b class="message">Undefined Step: When eu seleciono a op&ccedil;&atilde;o &ldquo;Cadastrar&rdquo;</b>
</p>
<pre>cucumber.runtime.UndefinedStepException: Undefined Step: When eu seleciono a op&ccedil;&atilde;o &ldquo;Cadastrar&rdquo;
	at grails.plugin.cucumber.CucumberFormatter.resultUndefined(CucumberFormatter.groovy:250)
	at grails.plugin.cucumber.CucumberFormatter.result(CucumberFormatter.groovy:215)
	at cucumber.runtime.Utils$1.call(Utils.java:37)
	at cucumber.runtime.Timeout.timeout(Timeout.java:13)
	at cucumber.runtime.Utils.invoke(Utils.java:31)
	at cucumber.runtime.RuntimeOptions$1.invoke(RuntimeOptions.java:243)
	at cucumber.runtime.Runtime.runStep(Runtime.java:280)
	at cucumber.runtime.model.StepContainer.runStep(StepContainer.java:44)
	at cucumber.runtime.model.StepContainer.runSteps(StepContainer.java:39)
	at cucumber.runtime.model.CucumberScenario.run(CucumberScenario.java:48)
	at cucumber.runtime.model.CucumberFeature.run(CucumberFeature.java:163)
	at grails.plugin.cucumber.Cucumber$_run_closure2.doCall(Cucumber.groovy:59)
	at grails.plugin.cucumber.Cucumber.run(Cucumber.groovy:58)
	at grails.plugin.cucumber.CucumberTestType.runFeatures(CucumberTestType.groovy:148)
	at grails.plugin.cucumber.CucumberTestType.doRun(CucumberTestType.groovy:58)
</pre>
</div>
<div class="details">
<p>
<b class="message">Undefined Step: And eu tento cadastrar o pol&iacute;tico &ldquo;Anderson&rdquo; com CPF &ldquo;102.102.152-15&rdquo; e seleciono &ldquo;Salvar&rdquo;</b>
</p>
<pre>cucumber.runtime.UndefinedStepException: Undefined Step: And eu tento cadastrar o pol&iacute;tico &ldquo;Anderson&rdquo; com CPF &ldquo;102.102.152-15&rdquo; e seleciono &ldquo;Salvar&rdquo;
	at grails.plugin.cucumber.CucumberFormatter.resultUndefined(CucumberFormatter.groovy:250)
	at grails.plugin.cucumber.CucumberFormatter.result(CucumberFormatter.groovy:215)
	at cucumber.runtime.Utils$1.call(Utils.java:37)
	at cucumber.runtime.Timeout.timeout(Timeout.java:13)
	at cucumber.runtime.Utils.invoke(Utils.java:31)
	at cucumber.runtime.RuntimeOptions$1.invoke(RuntimeOptions.java:243)
	at cucumber.runtime.Runtime.runStep(Runtime.java:280)
	at cucumber.runtime.model.StepContainer.runStep(StepContainer.java:44)
	at cucumber.runtime.model.StepContainer.runSteps(StepContainer.java:39)
	at cucumber.runtime.model.CucumberScenario.run(CucumberScenario.java:48)
	at cucumber.runtime.model.CucumberFeature.run(CucumberFeature.java:163)
	at grails.plugin.cucumber.Cucumber$_run_closure2.doCall(Cucumber.groovy:59)
	at grails.plugin.cucumber.Cucumber.run(Cucumber.groovy:58)
	at grails.plugin.cucumber.CucumberTestType.runFeatures(CucumberTestType.groovy:148)
	at grails.plugin.cucumber.CucumberTestType.doRun(CucumberTestType.groovy:58)
</pre>
</div>
<div class="details">
<p>
<b class="message">Undefined Step: Then eu recebo a mensagem de confirma&ccedil;&atilde;o</b>
</p>
<pre>cucumber.runtime.UndefinedStepException: Undefined Step: Then eu recebo a mensagem de confirma&ccedil;&atilde;o
	at grails.plugin.cucumber.CucumberFormatter.resultUndefined(CucumberFormatter.groovy:250)
	at grails.plugin.cucumber.CucumberFormatter.result(CucumberFormatter.groovy:215)
	at cucumber.runtime.Utils$1.call(Utils.java:37)
	at cucumber.runtime.Timeout.timeout(Timeout.java:13)
	at cucumber.runtime.Utils.invoke(Utils.java:31)
	at cucumber.runtime.RuntimeOptions$1.invoke(RuntimeOptions.java:243)
	at cucumber.runtime.Runtime.runStep(Runtime.java:280)
	at cucumber.runtime.model.StepContainer.runStep(StepContainer.java:44)
	at cucumber.runtime.model.StepContainer.runSteps(StepContainer.java:39)
	at cucumber.runtime.model.CucumberScenario.run(CucumberScenario.java:48)
	at cucumber.runtime.model.CucumberFeature.run(CucumberFeature.java:163)
	at grails.plugin.cucumber.Cucumber$_run_closure2.doCall(Cucumber.groovy:59)
	at grails.plugin.cucumber.Cucumber.run(Cucumber.groovy:58)
	at grails.plugin.cucumber.CucumberTestType.runFeatures(CucumberTestType.groovy:148)
	at grails.plugin.cucumber.CucumberTestType.doRun(CucumberTestType.groovy:58)
</pre>
</div>
<div class="details">
<p>
<b class="message">Undefined Step: And Consigo ver as informa&ccedil;&otilde;es do pol&iacute;tico cadastrado</b>
</p>
<pre>cucumber.runtime.UndefinedStepException: Undefined Step: And Consigo ver as informa&ccedil;&otilde;es do pol&iacute;tico cadastrado
	at grails.plugin.cucumber.CucumberFormatter.resultUndefined(CucumberFormatter.groovy:250)
	at grails.plugin.cucumber.CucumberFormatter.result(CucumberFormatter.groovy:215)
	at cucumber.runtime.Utils$1.call(Utils.java:37)
	at cucumber.runtime.Timeout.timeout(Timeout.java:13)
	at cucumber.runtime.Utils.invoke(Utils.java:31)
	at cucumber.runtime.RuntimeOptions$1.invoke(RuntimeOptions.java:243)
	at cucumber.runtime.Runtime.runStep(Runtime.java:280)
	at cucumber.runtime.model.StepContainer.runStep(StepContainer.java:44)
	at cucumber.runtime.model.StepContainer.runSteps(StepContainer.java:39)
	at cucumber.runtime.model.CucumberScenario.run(CucumberScenario.java:48)
	at cucumber.runtime.model.CucumberFeature.run(CucumberFeature.java:163)
	at grails.plugin.cucumber.Cucumber$_run_closure2.doCall(Cucumber.groovy:59)
	at grails.plugin.cucumber.Cucumber.run(Cucumber.groovy:58)
	at grails.plugin.cucumber.CucumberTestType.runFeatures(CucumberTestType.groovy:148)
	at grails.plugin.cucumber.CucumberTestType.doRun(CucumberTestType.groovy:58)
</pre>
</div>
</div>
<div class="clear"></div>
</div>
<div class="testcase clearfix failure grid_8 alpha omega" data-name="Visualizar pol&iacute;tico">
<div class="grid_3 alpha">
<p>
<span class="icon failure"></span><b class="testname message failure">Visualizar pol&iacute;tico</b>
</p>
<p class="summary">Executed in 0.106 seconds.</p>
</div>
<div class="grid_5 omega outputinfo">
<div class="details">
<p>
<b class="message">Undefined Step: Given que o visitante &ldquo;Guilherme&rdquo; est&aacute; no Menu &ldquo;pol&iacute;ticos&rdquo;</b>
</p>
<pre>cucumber.runtime.UndefinedStepException: Undefined Step: Given que o visitante &ldquo;Guilherme&rdquo; est&aacute; no Menu &ldquo;pol&iacute;ticos&rdquo;
	at grails.plugin.cucumber.CucumberFormatter.resultUndefined(CucumberFormatter.groovy:250)
	at grails.plugin.cucumber.CucumberFormatter.result(CucumberFormatter.groovy:215)
	at cucumber.runtime.Utils$1.call(Utils.java:37)
	at cucumber.runtime.Timeout.timeout(Timeout.java:13)
	at cucumber.runtime.Utils.invoke(Utils.java:31)
	at cucumber.runtime.RuntimeOptions$1.invoke(RuntimeOptions.java:243)
	at cucumber.runtime.Runtime.runStep(Runtime.java:280)
	at cucumber.runtime.model.StepContainer.runStep(StepContainer.java:44)
	at cucumber.runtime.model.StepContainer.runSteps(StepContainer.java:39)
	at cucumber.runtime.model.CucumberScenario.run(CucumberScenario.java:48)
	at cucumber.runtime.model.CucumberFeature.run(CucumberFeature.java:163)
	at grails.plugin.cucumber.Cucumber$_run_closure2.doCall(Cucumber.groovy:59)
	at grails.plugin.cucumber.Cucumber.run(Cucumber.groovy:58)
	at grails.plugin.cucumber.CucumberTestType.runFeatures(CucumberTestType.groovy:148)
	at grails.plugin.cucumber.CucumberTestType.doRun(CucumberTestType.groovy:58)
</pre>
</div>
<div class="details">
<p>
<b class="message">Undefined Step: And o pol&iacute;tico  &ldquo;Anderson&rdquo;  com o CPF &ldquo;102.102.152-15&rdquo; est&aacute; armazenado no sistema</b>
</p>
<pre>cucumber.runtime.UndefinedStepException: Undefined Step: And o pol&iacute;tico  &ldquo;Anderson&rdquo;  com o CPF &ldquo;102.102.152-15&rdquo; est&aacute; armazenado no sistema
	at grails.plugin.cucumber.CucumberFormatter.resultUndefined(CucumberFormatter.groovy:250)
	at grails.plugin.cucumber.CucumberFormatter.result(CucumberFormatter.groovy:215)
	at cucumber.runtime.Utils$1.call(Utils.java:37)
	at cucumber.runtime.Timeout.timeout(Timeout.java:13)
	at cucumber.runtime.Utils.invoke(Utils.java:31)
	at cucumber.runtime.RuntimeOptions$1.invoke(RuntimeOptions.java:243)
	at cucumber.runtime.Runtime.runStep(Runtime.java:280)
	at cucumber.runtime.model.StepContainer.runStep(StepContainer.java:44)
	at cucumber.runtime.model.StepContainer.runSteps(StepContainer.java:39)
	at cucumber.runtime.model.CucumberScenario.run(CucumberScenario.java:48)
	at cucumber.runtime.model.CucumberFeature.run(CucumberFeature.java:163)
	at grails.plugin.cucumber.Cucumber$_run_closure2.doCall(Cucumber.groovy:59)
	at grails.plugin.cucumber.Cucumber.run(Cucumber.groovy:58)
	at grails.plugin.cucumber.CucumberTestType.runFeatures(CucumberTestType.groovy:148)
	at grails.plugin.cucumber.CucumberTestType.doRun(CucumberTestType.groovy:58)
</pre>
</div>
<div class="details">
<p>
<b class="message">Undefined Step: When &ldquo;Guilherme&rdquo; tenta visualizar o pol&iacute;tico  &ldquo;Anderson&rdquo;  com o CPF &ldquo;102.102.152-15&rdquo;</b>
</p>
<pre>cucumber.runtime.UndefinedStepException: Undefined Step: When &ldquo;Guilherme&rdquo; tenta visualizar o pol&iacute;tico  &ldquo;Anderson&rdquo;  com o CPF &ldquo;102.102.152-15&rdquo;
	at grails.plugin.cucumber.CucumberFormatter.resultUndefined(CucumberFormatter.groovy:250)
	at grails.plugin.cucumber.CucumberFormatter.result(CucumberFormatter.groovy:215)
	at cucumber.runtime.Utils$1.call(Utils.java:37)
	at cucumber.runtime.Timeout.timeout(Timeout.java:13)
	at cucumber.runtime.Utils.invoke(Utils.java:31)
	at cucumber.runtime.RuntimeOptions$1.invoke(RuntimeOptions.java:243)
	at cucumber.runtime.Runtime.runStep(Runtime.java:280)
	at cucumber.runtime.model.StepContainer.runStep(StepContainer.java:44)
	at cucumber.runtime.model.StepContainer.runSteps(StepContainer.java:39)
	at cucumber.runtime.model.CucumberScenario.run(CucumberScenario.java:48)
	at cucumber.runtime.model.CucumberFeature.run(CucumberFeature.java:163)
	at grails.plugin.cucumber.Cucumber$_run_closure2.doCall(Cucumber.groovy:59)
	at grails.plugin.cucumber.Cucumber.run(Cucumber.groovy:58)
	at grails.plugin.cucumber.CucumberTestType.runFeatures(CucumberTestType.groovy:148)
	at grails.plugin.cucumber.CucumberTestType.doRun(CucumberTestType.groovy:58)
</pre>
</div>
<div class="details">
<p>
<b class="message">Undefined Step: Then &ldquo;Guilherme&rdquo; conseguir&aacute; visualizar as informa&ccedil;&otilde;es</b>
</p>
<pre>cucumber.runtime.UndefinedStepException: Undefined Step: Then &ldquo;Guilherme&rdquo; conseguir&aacute; visualizar as informa&ccedil;&otilde;es
	at grails.plugin.cucumber.CucumberFormatter.resultUndefined(CucumberFormatter.groovy:250)
	at grails.plugin.cucumber.CucumberFormatter.result(CucumberFormatter.groovy:215)
	at cucumber.runtime.Utils$1.call(Utils.java:37)
	at cucumber.runtime.Timeout.timeout(Timeout.java:13)
	at cucumber.runtime.Utils.invoke(Utils.java:31)
	at cucumber.runtime.RuntimeOptions$1.invoke(RuntimeOptions.java:243)
	at cucumber.runtime.Runtime.runStep(Runtime.java:280)
	at cucumber.runtime.model.StepContainer.runStep(StepContainer.java:44)
	at cucumber.runtime.model.StepContainer.runSteps(StepContainer.java:39)
	at cucumber.runtime.model.CucumberScenario.run(CucumberScenario.java:48)
	at cucumber.runtime.model.CucumberFeature.run(CucumberFeature.java:163)
	at grails.plugin.cucumber.Cucumber$_run_closure2.doCall(Cucumber.groovy:59)
	at grails.plugin.cucumber.Cucumber.run(Cucumber.groovy:58)
	at grails.plugin.cucumber.CucumberTestType.runFeatures(CucumberTestType.groovy:148)
	at grails.plugin.cucumber.CucumberTestType.doRun(CucumberTestType.groovy:58)
</pre>
</div>
</div>
<div class="clear"></div>
</div>
<div class="testcase clearfix failure grid_8 alpha omega" data-name="Editar informa&ccedil;&otilde;es de um politico">
<div class="grid_3 alpha">
<p>
<span class="icon failure"></span><b class="testname message failure">Editar informa&ccedil;&otilde;es de um politico</b>
</p>
<p class="summary">Executed in 0.109 seconds.</p>
</div>
<div class="grid_5 omega outputinfo">
<div class="details">
<p>
<b class="message">Undefined Step: Given que o usu&aacute;rio esta na tela de atualizar pol&iacute;tico visualizando o  pol&iacute;tico &ldquo;Eduardo&rdquo; com cpf &ldquo;01234567890&rdquo;</b>
</p>
<pre>cucumber.runtime.UndefinedStepException: Undefined Step: Given que o usu&aacute;rio esta na tela de atualizar pol&iacute;tico visualizando o  pol&iacute;tico &ldquo;Eduardo&rdquo; com cpf &ldquo;01234567890&rdquo;
	at grails.plugin.cucumber.CucumberFormatter.resultUndefined(CucumberFormatter.groovy:250)
	at grails.plugin.cucumber.CucumberFormatter.result(CucumberFormatter.groovy:215)
	at cucumber.runtime.Utils$1.call(Utils.java:37)
	at cucumber.runtime.Timeout.timeout(Timeout.java:13)
	at cucumber.runtime.Utils.invoke(Utils.java:31)
	at cucumber.runtime.RuntimeOptions$1.invoke(RuntimeOptions.java:243)
	at cucumber.runtime.Runtime.runStep(Runtime.java:280)
	at cucumber.runtime.model.StepContainer.runStep(StepContainer.java:44)
	at cucumber.runtime.model.StepContainer.runSteps(StepContainer.java:39)
	at cucumber.runtime.model.CucumberScenario.run(CucumberScenario.java:48)
	at cucumber.runtime.model.CucumberFeature.run(CucumberFeature.java:163)
	at grails.plugin.cucumber.Cucumber$_run_closure2.doCall(Cucumber.groovy:59)
	at grails.plugin.cucumber.Cucumber.run(Cucumber.groovy:58)
	at grails.plugin.cucumber.CucumberTestType.runFeatures(CucumberTestType.groovy:148)
	at grails.plugin.cucumber.CucumberTestType.doRun(CucumberTestType.groovy:58)
</pre>
</div>
<div class="details">
<p>
<b class="message">Undefined Step: When ao  tentar atualizar os dados do pol&iacute;tico &ldquo;Eduardo&rdquo; com cpf &ldquo;01234567890&rdquo;</b>
</p>
<pre>cucumber.runtime.UndefinedStepException: Undefined Step: When ao  tentar atualizar os dados do pol&iacute;tico &ldquo;Eduardo&rdquo; com cpf &ldquo;01234567890&rdquo;
	at grails.plugin.cucumber.CucumberFormatter.resultUndefined(CucumberFormatter.groovy:250)
	at grails.plugin.cucumber.CucumberFormatter.result(CucumberFormatter.groovy:215)
	at cucumber.runtime.Utils$1.call(Utils.java:37)
	at cucumber.runtime.Timeout.timeout(Timeout.java:13)
	at cucumber.runtime.Utils.invoke(Utils.java:31)
	at cucumber.runtime.RuntimeOptions$1.invoke(RuntimeOptions.java:243)
	at cucumber.runtime.Runtime.runStep(Runtime.java:280)
	at cucumber.runtime.model.StepContainer.runStep(StepContainer.java:44)
	at cucumber.runtime.model.StepContainer.runSteps(StepContainer.java:39)
	at cucumber.runtime.model.CucumberScenario.run(CucumberScenario.java:48)
	at cucumber.runtime.model.CucumberFeature.run(CucumberFeature.java:163)
	at grails.plugin.cucumber.Cucumber$_run_closure2.doCall(Cucumber.groovy:59)
	at grails.plugin.cucumber.Cucumber.run(Cucumber.groovy:58)
	at grails.plugin.cucumber.CucumberTestType.runFeatures(CucumberTestType.groovy:148)
	at grails.plugin.cucumber.CucumberTestType.doRun(CucumberTestType.groovy:58)
</pre>
</div>
<div class="details">
<p>
<b class="message">Undefined Step: Then eu recebo a mensagem de confirma&ccedil;&atilde;o</b>
</p>
<pre>cucumber.runtime.UndefinedStepException: Undefined Step: Then eu recebo a mensagem de confirma&ccedil;&atilde;o
	at grails.plugin.cucumber.CucumberFormatter.resultUndefined(CucumberFormatter.groovy:250)
	at grails.plugin.cucumber.CucumberFormatter.result(CucumberFormatter.groovy:215)
	at cucumber.runtime.Utils$1.call(Utils.java:37)
	at cucumber.runtime.Timeout.timeout(Timeout.java:13)
	at cucumber.runtime.Utils.invoke(Utils.java:31)
	at cucumber.runtime.RuntimeOptions$1.invoke(RuntimeOptions.java:243)
	at cucumber.runtime.Runtime.runStep(Runtime.java:280)
	at cucumber.runtime.model.StepContainer.runStep(StepContainer.java:44)
	at cucumber.runtime.model.StepContainer.runSteps(StepContainer.java:39)
	at cucumber.runtime.model.CucumberScenario.run(CucumberScenario.java:48)
	at cucumber.runtime.model.CucumberFeature.run(CucumberFeature.java:163)
	at grails.plugin.cucumber.Cucumber$_run_closure2.doCall(Cucumber.groovy:59)
	at grails.plugin.cucumber.Cucumber.run(Cucumber.groovy:58)
	at grails.plugin.cucumber.CucumberTestType.runFeatures(CucumberTestType.groovy:148)
	at grails.plugin.cucumber.CucumberTestType.doRun(CucumberTestType.groovy:58)
</pre>
</div>
<div class="details">
<p>
<b class="message">Undefined Step: And Consigo ver as informa&ccedil;&otilde;es do pol&iacute;tico cadastrado</b>
</p>
<pre>cucumber.runtime.UndefinedStepException: Undefined Step: And Consigo ver as informa&ccedil;&otilde;es do pol&iacute;tico cadastrado
	at grails.plugin.cucumber.CucumberFormatter.resultUndefined(CucumberFormatter.groovy:250)
	at grails.plugin.cucumber.CucumberFormatter.result(CucumberFormatter.groovy:215)
	at cucumber.runtime.Utils$1.call(Utils.java:37)
	at cucumber.runtime.Timeout.timeout(Timeout.java:13)
	at cucumber.runtime.Utils.invoke(Utils.java:31)
	at cucumber.runtime.RuntimeOptions$1.invoke(RuntimeOptions.java:243)
	at cucumber.runtime.Runtime.runStep(Runtime.java:280)
	at cucumber.runtime.model.StepContainer.runStep(StepContainer.java:44)
	at cucumber.runtime.model.StepContainer.runSteps(StepContainer.java:39)
	at cucumber.runtime.model.CucumberScenario.run(CucumberScenario.java:48)
	at cucumber.runtime.model.CucumberFeature.run(CucumberFeature.java:163)
	at grails.plugin.cucumber.Cucumber$_run_closure2.doCall(Cucumber.groovy:59)
	at grails.plugin.cucumber.Cucumber.run(Cucumber.groovy:58)
	at grails.plugin.cucumber.CucumberTestType.runFeatures(CucumberTestType.groovy:148)
	at grails.plugin.cucumber.CucumberTestType.doRun(CucumberTestType.groovy:58)
</pre>
</div>
</div>
<div class="clear"></div>
</div>
<div class="testcase clearfix failure grid_8 alpha omega" data-name="Visualizar informa&ccedil;&otilde;es de obras de pol&iacute;tico">
<div class="grid_3 alpha">
<p>
<span class="icon failure"></span><b class="testname message failure">Visualizar informa&ccedil;&otilde;es de obras de pol&iacute;tico</b>
</p>
<p class="summary">Executed in 0.015 seconds.</p>
</div>
<div class="grid_5 omega outputinfo">
<div class="details">
<p>
<b class="message">Undefined Step: Given que estou visualizando o pol&iacute;tico com o cpf "98765432109"</b>
</p>
<pre>cucumber.runtime.UndefinedStepException: Undefined Step: Given que estou visualizando o pol&iacute;tico com o cpf "98765432109"
	at grails.plugin.cucumber.CucumberFormatter.resultUndefined(CucumberFormatter.groovy:250)
	at grails.plugin.cucumber.CucumberFormatter.result(CucumberFormatter.groovy:215)
	at cucumber.runtime.Utils$1.call(Utils.java:37)
	at cucumber.runtime.Timeout.timeout(Timeout.java:13)
	at cucumber.runtime.Utils.invoke(Utils.java:31)
	at cucumber.runtime.RuntimeOptions$1.invoke(RuntimeOptions.java:243)
	at cucumber.runtime.Runtime.runStep(Runtime.java:280)
	at cucumber.runtime.model.StepContainer.runStep(StepContainer.java:44)
	at cucumber.runtime.model.StepContainer.runSteps(StepContainer.java:39)
	at cucumber.runtime.model.CucumberScenario.run(CucumberScenario.java:48)
	at cucumber.runtime.model.CucumberFeature.run(CucumberFeature.java:163)
	at grails.plugin.cucumber.Cucumber$_run_closure2.doCall(Cucumber.groovy:59)
	at grails.plugin.cucumber.Cucumber.run(Cucumber.groovy:58)
	at grails.plugin.cucumber.CucumberTestType.runFeatures(CucumberTestType.groovy:148)
	at grails.plugin.cucumber.CucumberTestType.doRun(CucumberTestType.groovy:58)
</pre>
</div>
<div class="details">
<p>
<b class="message">Undefined Step: Then Consigo ver as taxas de obras atrasadas com or&ccedil;amento estourado do pol&iacute;tico com cpf "98765432109"</b>
</p>
<pre>cucumber.runtime.UndefinedStepException: Undefined Step: Then Consigo ver as taxas de obras atrasadas com or&ccedil;amento estourado do pol&iacute;tico com cpf "98765432109"
	at grails.plugin.cucumber.CucumberFormatter.resultUndefined(CucumberFormatter.groovy:250)
	at grails.plugin.cucumber.CucumberFormatter.result(CucumberFormatter.groovy:215)
	at cucumber.runtime.Utils$1.call(Utils.java:37)
	at cucumber.runtime.Timeout.timeout(Timeout.java:13)
	at cucumber.runtime.Utils.invoke(Utils.java:31)
	at cucumber.runtime.RuntimeOptions$1.invoke(RuntimeOptions.java:243)
	at cucumber.runtime.Runtime.runStep(Runtime.java:280)
	at cucumber.runtime.model.StepContainer.runStep(StepContainer.java:44)
	at cucumber.runtime.model.StepContainer.runSteps(StepContainer.java:39)
	at cucumber.runtime.model.CucumberScenario.run(CucumberScenario.java:48)
	at cucumber.runtime.model.CucumberFeature.run(CucumberFeature.java:163)
	at grails.plugin.cucumber.Cucumber$_run_closure2.doCall(Cucumber.groovy:59)
	at grails.plugin.cucumber.Cucumber.run(Cucumber.groovy:58)
	at grails.plugin.cucumber.CucumberTestType.runFeatures(CucumberTestType.groovy:148)
	at grails.plugin.cucumber.CucumberTestType.doRun(CucumberTestType.groovy:58)
</pre>
</div>
</div>
<div class="clear"></div>
</div>
<div class="clearfix output footer">
<div class="sysout">
<h2>Standard output</h2>
<pre class="stdout">Feature: Pol&iacute;ticos
  As a usu&aacute;rio do sistema
  I want to adicionar, remover, modificar e visualizar pol&iacute;ticos no sistema
  So That eu posso gerar p&aacute;ginas web para exibir informa&ccedil;&otilde;es sobre o pol&iacute;tico

--Output from Adicionar politico nao existente--
--Output from Adicionar politico existente--
  #CONTROLLER
  Scenario: Adicionar politico nao existente                      # Politico.feature:7
    Given que o sistema nao tem um politico com CPF "01234567891" # PoliticoSteps.groovy:12
    When eu tentar cadastrar um politico com CPF "01234567891"    # PoliticoSteps.groovy:18
    Then o sistema ira cadastrar o politico de CPF "01234567891"  # PoliticoSteps.groovy:23

--Output from Atualizar pol&iacute;tico--
  Scenario: Adicionar politico existente                             # Politico.feature:12
    Given que o sistema tem um politico de CPF "98765432109"         # PoliticoSteps.groovy:72
    Then o sistema nao ira cadastrar o politico de CPF "98765432109" # PoliticoSteps.groovy:79

--Output from Remover pol&iacute;tico existente--
  Scenario: Atualizar pol&iacute;tico                                                            # Politico.feature:16
    Given que exista um politico com nome &ldquo;Eduardo&rdquo; e CPF "01234567890&rdquo;
    When eu tentar atualizar os dados do pol&iacute;tico  com nome &ldquo;Eduardo&rdquo; e CPF "01234567890&rdquo;
    Then o sistema ir&aacute; atualizar o pol&iacute;tico

--Output from Novo pol&iacute;tico--
  Scenario: Remover pol&iacute;tico existente                                                                 # Politico.feature:22
    Given o sistema tem um pol&iacute;tico com nome &ldquo;Eduardo&rdquo; e CPF "01234567890&rdquo;
    When eu tentar remover o pol&iacute;tico com o nome &ldquo;Eduardo&rdquo; e CPF &ldquo;01234567890&rdquo;
    Then o sistema ira mostrar a mensagem politico "Eduardo" de CPF &ldquo;01234567890&rdquo; removido com sucesso

--Output from Visualizar pol&iacute;tico--
  #GUI
  Scenario: Novo pol&iacute;tico                                                                      # Politico.feature:29
    Given que eu estou no menu &ldquo;Pol&iacute;ticos&rdquo;
    And n&atilde;o existe nenhum pol&iacute;tico com o nome &ldquo;Anderson&rdquo; com o CPF &ldquo;102.102.152-15&rdquo;
    When eu seleciono a op&ccedil;&atilde;o &ldquo;Cadastrar&rdquo;
    And eu tento cadastrar o pol&iacute;tico &ldquo;Anderson&rdquo; com CPF &ldquo;102.102.152-15&rdquo; e seleciono &ldquo;Salvar&rdquo;
    Then eu recebo a mensagem de confirma&ccedil;&atilde;o
    And Consigo ver as informa&ccedil;&otilde;es do pol&iacute;tico cadastrado

--Output from Editar informa&ccedil;&otilde;es de um politico--
  Scenario: Visualizar pol&iacute;tico                                                          # Politico.feature:37
    Given que o visitante &ldquo;Guilherme&rdquo; est&aacute; no Menu &ldquo;pol&iacute;ticos&rdquo;
    And o pol&iacute;tico  &ldquo;Anderson&rdquo;  com o CPF &ldquo;102.102.152-15&rdquo; est&aacute; armazenado no sistema
    When &ldquo;Guilherme&rdquo; tenta visualizar o pol&iacute;tico  &ldquo;Anderson&rdquo;  com o CPF &ldquo;102.102.152-15&rdquo;
    Then &ldquo;Guilherme&rdquo; conseguir&aacute; visualizar as informa&ccedil;&otilde;es

--Output from Visualizar informa&ccedil;&otilde;es de obras de pol&iacute;tico--
  Scenario: Editar informa&ccedil;&otilde;es de um politico                                                                       # Politico.feature:43
    Given que o usu&aacute;rio esta na tela de atualizar pol&iacute;tico visualizando o  pol&iacute;tico &ldquo;Eduardo&rdquo; com cpf &ldquo;01234567890&rdquo;
    When ao  tentar atualizar os dados do pol&iacute;tico &ldquo;Eduardo&rdquo; com cpf &ldquo;01234567890&rdquo;
    Then eu recebo a mensagem de confirma&ccedil;&atilde;o
    And Consigo ver as informa&ccedil;&otilde;es do pol&iacute;tico cadastrado

  Scenario: Visualizar informa&ccedil;&otilde;es de obras de pol&iacute;tico                                                    # Politico.feature:49
    Given que estou visualizando o pol&iacute;tico com o cpf "98765432109"
    When seleciono a opcao "Andamento Obras"                                                               # ObraSteps.groovy:344
    Then Consigo ver as taxas de obras atrasadas com or&ccedil;amento estourado do pol&iacute;tico com cpf "98765432109"
</pre>
</div>
<div class="syserr">
<h2>System error</h2>
<pre class="syserr">
--Output from Adicionar politico nao existente--
--Output from Adicionar politico existente--
--Output from Atualizar pol&iacute;tico--
--Output from Remover pol&iacute;tico existente--
--Output from Novo pol&iacute;tico--
--Output from Visualizar pol&iacute;tico--
--Output from Editar informa&ccedil;&otilde;es de um politico--
--Output from Visualizar informa&ccedil;&otilde;es de obras de pol&iacute;tico--</pre>
</div>
</div>
<div class="clear"></div>
</div>
<div class="clear"></div>
</div>
<!--
            Parses JUnit output and associates it with the corresponding test case
        -->
<script language="javascript">


/**
 * The JUnit report format is incredibly stuipd in the
 * sense that it accumulates output from all test methods
 * into a single xml node.
 */
(function() {

    var outputElements = findOutputElements();
    for (var i in outputElements) {
        var outputElement = outputElements[i];
        var textOutput = outputElement.element.firstChild.nodeValue;
        var header = outputElement.getHeader();
        appendTestMethodOutput(textOutput, header);
    }

    function findOutputElements() {
        var outputElements = [];
        var preElements = document.getElementsByTagName("pre");
        for (var i in preElements) {
            var preElement = preElements[i];
            var className = preElement.className || "";
            if (className.indexOf("stdout") >= 0) {
                var outputElement = new OutputElement(preElement, "output");
                outputElements.push(outputElement);
            } else if (className.indexOf("syserr") >= 0) {
                var outputElement = new OutputElement(preElement, "error");
                outputElements.push(outputElement);
            }
        }

        return outputElements;
    }

    function OutputElement(element, type) {
        this.element = element;
        this.type = type;

        this.getHeader = function() {
            if (type === "output") {
                return "System output";
            } else if ("error") {
                return "System error";
            }
        }
    }

    function appendTestMethodOutput(text, header) {
        var testOutput = new TestMethodOutput(header);

        var lines = text.split(/\r\n|\r|\n/);
        for (var i in lines) {
            var line = lines[i];
            var matches = line.match(/^--Output from (.*)--$/);
            if (matches !== null && matches.length == 2) {
                testOutput.flushToDom();
                testOutput.testName = matches[1];
            } else {
                testOutput.addLine(line);
            }
        }

        testOutput.flushToDom();
    }

    function TestMethodOutput(header) {
        this.header = header;
        this.testName = undefined;
        this.buffer = "";

        this.addLine = function(line) {
            this.buffer += line + "\n";
        }

        this.flushToDom = function() {
            if (this.testName !== undefined) {
                var domNode = getTestcaseElementByName(this.testName);
                if (domNode !== undefined && trimString(this.buffer).length > 0) {
                    this.appendTo(domNode);
                }

                this.reset();
            }
        }

        this.appendTo = function(domNode) {
            var node = document.createElement("div");
            node.innerHTML = '<p><b class="message">' + header + '</b></p>';

            var preNode = document.createElement("pre");
            preNode.appendChild(document.createTextNode(this.buffer));
            node.appendChild(preNode);

            var outputContainer = findElementByTagClassAndParent("div", "outputinfo", domNode);
            outputContainer.appendChild(node);
        }

        this.reset = function() {
            this.methodName = undefined;
            this.buffer = "";
        }
    }

    function getTestcaseElementByName(name) {
        var divElements = document.getElementsByTagName("div");
        var elementCount = divElements.length;
        for (var i=0; i<elementCount; i++) {
            var el = divElements[i];
            if (el.getAttribute("data-name") === name) {
                return el;
            }
        }
    }

    function findElementByTagClassAndParent(tagName, className, parentNode) {
        var elements = parentNode.getElementsByTagName(tagName);
        for (var i in elements) {
            var element = elements[i];

            // Not 100% correct, but good enough here
            if (element.className !== undefined && element.className.indexOf(className) >= 0) {
                return element;
            }
        }
    }

    function trimString(str) {
        return str.replace(/^\s\s*/, '').replace(/\s\s*$/, '');
    }

})();

        </script>
</body>
</html>
